<?xml version="1.0" encoding="UTF-8"?>
<testsuite name="hello.hellospring.service.MemberServiceIntegrationTest" tests="2" skipped="0" failures="0" errors="0" timestamp="2023-04-07T11:09:32" hostname="seominjiui-MacBookAir.local" time="0.243">
  <properties/>
  <testcase name="중복_회원_예외()" classname="hello.hellospring.service.MemberServiceIntegrationTest" time="0.231"/>
  <testcase name="회원가입()" classname="hello.hellospring.service.MemberServiceIntegrationTest" time="0.01"/>
  <system-out><![CDATA[20:09:30.353 [Test worker] DEBUG org.springframework.boot.test.context.SpringBootTestContextBootstrapper - Neither @ContextConfiguration nor @ContextHierarchy found for test class [MemberServiceIntegrationTest]: using SpringBootContextLoader
20:09:30.356 [Test worker] DEBUG org.springframework.test.context.support.AbstractContextLoader - Could not detect default resource locations for test class [hello.hellospring.service.MemberServiceIntegrationTest]: no resource found for suffixes {-context.xml, Context.groovy}.
20:09:30.356 [Test worker] INFO org.springframework.test.context.support.AnnotationConfigContextLoaderUtils - Could not detect default configuration classes for test class [hello.hellospring.service.MemberServiceIntegrationTest]: MemberServiceIntegrationTest does not declare any static, non-private, non-final, nested classes annotated with @Configuration.
20:09:30.372 [Test worker] DEBUG org.springframework.boot.test.context.SpringBootTestContextBootstrapper - Using ContextCustomizers for test class [MemberServiceIntegrationTest]: [DisableObservabilityContextCustomizer, PropertyMappingContextCustomizer, Customizer, ExcludeFilterContextCustomizer, DuplicateJsonObjectContextCustomizer, MockitoContextCustomizer, TestRestTemplateContextCustomizer]
20:09:30.420 [Test worker] DEBUG org.springframework.context.annotation.ClassPathScanningCandidateComponentProvider - Identified candidate component class: file [/Users/minji/Desktop/스프링/hello-spring/build/classes/java/main/hello/hellospring/HelloSpringApplication.class]
20:09:30.421 [Test worker] INFO org.springframework.boot.test.context.SpringBootTestContextBootstrapper - Found @SpringBootConfiguration hello.hellospring.HelloSpringApplication for test class hello.hellospring.service.MemberServiceIntegrationTest
20:09:30.480 [Test worker] DEBUG org.springframework.boot.test.context.SpringBootTestContextBootstrapper - Using TestExecutionListeners for test class [MemberServiceIntegrationTest]: [ServletTestExecutionListener, DirtiesContextBeforeModesTestExecutionListener, ApplicationEventsTestExecutionListener, MockitoTestExecutionListener, DependencyInjectionTestExecutionListener, DirtiesContextTestExecutionListener, TransactionalTestExecutionListener, SqlScriptsTestExecutionListener, EventPublishingTestExecutionListener, RestDocsTestExecutionListener, MockRestServiceServerResetTestExecutionListener, MockMvcPrintOnlyOnFailureTestExecutionListener, WebDriverTestExecutionListener, MockWebServiceServerTestExecutionListener, ResetMocksTestExecutionListener]
20:09:30.480 [Test worker] DEBUG org.springframework.test.context.support.AbstractDirtiesContextTestExecutionListener - Before test class: class [MemberServiceIntegrationTest], class annotated with @DirtiesContext [false] with mode [null]

  .   ____          _            __ _ _
 /\\ / ___'_ __ _ _(_)_ __  __ _ \ \ \ \
( ( )\___ | '_ | '_| | '_ \/ _` | \ \ \ \
 \\/  ___)| |_)| | | | | || (_| |  ) ) ) )
  '  |____| .__|_| |_|_| |_\__, | / / / /
 =========|_|==============|___/=/_/_/_/
 :: Spring Boot ::                (v3.0.4)

2023-04-07T20:09:30.647+09:00  INFO 4616 --- [    Test worker] h.h.s.MemberServiceIntegrationTest       : Starting MemberServiceIntegrationTest using Java 19.0.2 with PID 4616 (started by minji in /Users/minji/Desktop/스프링/hello-spring)
2023-04-07T20:09:30.648+09:00  INFO 4616 --- [    Test worker] h.h.s.MemberServiceIntegrationTest       : No active profile set, falling back to 1 default profile: "default"
2023-04-07T20:09:30.998+09:00  INFO 4616 --- [    Test worker] .s.d.r.c.RepositoryConfigurationDelegate : Bootstrapping Spring Data JPA repositories in DEFAULT mode.
2023-04-07T20:09:31.031+09:00  INFO 4616 --- [    Test worker] .s.d.r.c.RepositoryConfigurationDelegate : Finished Spring Data repository scanning in 28 ms. Found 1 JPA repository interfaces.
2023-04-07T20:09:31.298+09:00  INFO 4616 --- [    Test worker] o.hibernate.jpa.internal.util.LogHelper  : HHH000204: Processing PersistenceUnitInfo [name: default]
2023-04-07T20:09:31.334+09:00  INFO 4616 --- [    Test worker] org.hibernate.Version                    : HHH000412: Hibernate ORM core version 6.1.7.Final
2023-04-07T20:09:31.504+09:00  INFO 4616 --- [    Test worker] com.zaxxer.hikari.HikariDataSource       : HikariPool-1 - Starting...
2023-04-07T20:09:31.561+09:00  INFO 4616 --- [    Test worker] com.zaxxer.hikari.pool.HikariPool        : HikariPool-1 - Added connection conn0: url=jdbc:h2:tcp://localhost/~/test user=SA
2023-04-07T20:09:31.561+09:00  INFO 4616 --- [    Test worker] com.zaxxer.hikari.HikariDataSource       : HikariPool-1 - Start completed.
2023-04-07T20:09:31.588+09:00  INFO 4616 --- [    Test worker] SQL dialect                              : HHH000400: Using dialect: org.hibernate.dialect.H2Dialect
2023-04-07T20:09:31.994+09:00  INFO 4616 --- [    Test worker] o.h.e.t.j.p.i.JtaPlatformInitiator       : HHH000490: Using JtaPlatform implementation: [org.hibernate.engine.transaction.jta.platform.internal.NoJtaPlatform]
2023-04-07T20:09:31.999+09:00  INFO 4616 --- [    Test worker] j.LocalContainerEntityManagerFactoryBean : Initialized JPA EntityManagerFactory for persistence unit 'default'
2023-04-07T20:09:32.266+09:00  WARN 4616 --- [    Test worker] JpaBaseConfiguration$JpaWebConfiguration : spring.jpa.open-in-view is enabled by default. Therefore, database queries may be performed during view rendering. Explicitly configure spring.jpa.open-in-view to disable this warning
2023-04-07T20:09:32.364+09:00  INFO 4616 --- [    Test worker] o.s.b.a.w.s.WelcomePageHandlerMapping    : Adding welcome page: class path resource [static/index.html]
2023-04-07T20:09:32.480+09:00  INFO 4616 --- [    Test worker] h.h.s.MemberServiceIntegrationTest       : Started MemberServiceIntegrationTest in 1.969 seconds (process running for 2.645)
Hibernate: select m1_0.id,m1_0.name from member m1_0 where m1_0.name=?
Hibernate: insert into member (id, name) values (default, ?)
join = 83ms
Hibernate: select m1_0.id,m1_0.name from member m1_0 where m1_0.name=?
join = 5ms
Hibernate: select m1_0.id,m1_0.name from member m1_0 where m1_0.name=?
Hibernate: insert into member (id, name) values (default, ?)
join = 2ms
]]></system-out>
  <system-err><![CDATA[]]></system-err>
</testsuite>
